build/app/outputs/mapping/release/seeds.txt
com.mycompany.pawrapp.MainActivity
com.mycompany.pawrapp.MainActivity: MainActivity()
...
com.google.android.datatransport.runtime.scheduling.jobscheduling.SchedulerConfig$Flag: com.google.android.datatransport.runtime.scheduling.jobscheduling.SchedulerConfig$Flag[] values()
androidx.core.view.ViewCompat$Api23Impl: void setScrollIndicators(android.view.View,int,int)
org.chromium.support_lib_boundary.WebkitToCompatConverterBoundaryInterface: java.lang.reflect.InvocationHandler convertWebResourceRequest(android.webkit.WebResourceRequest)
androidx.core.content.ContextCompat$Api21Impl: java.io.File getNoBackupFilesDir(android.content.Context)
org.chromium.support_lib_boundary.WebViewProviderFactoryBoundaryInterface: java.lang.reflect.InvocationHandler getServiceWorkerController()
androidx.core.app.ActivityCompat$Api23Impl: void requestPermissions(android.app.Activity,java.lang.String[],int)
org.chromium.support_lib_boundary.JsReplyProxyBoundaryInterface: void postMessageWithPayload(java.lang.reflect.InvocationHandler)
io.flutter.plugin.editing.ImeSyncDeferringInsetsCallback$AnimationCallback: void onEnd(android.view.WindowInsetsAnimation)
org.chromium.support_lib_boundary.ProfileBoundaryInterface: android.webkit.CookieManager getCookieManager()
androidx.core.view.ViewCompat$Api21Impl: void setTranslationZ(android.view.View,float)
androidx.datastore.preferences.protobuf.Writer$FieldOrder: androidx.datastore.preferences.protobuf.Writer$FieldOrder valueOf(java.lang.String)
io.flutter.embedding.engine.FlutterJNI: void dispatchEmptyPlatformMessage(java.lang.String,int)
androidx.window.layout.adapter.sidecar.SidecarCompat$TranslatingCallback: void onDeviceStateChanged(androidx.window.sidecar.SidecarDeviceState)
androidx.window.area.reflectionguard.ExtensionWindowAreaPresentationRequirements: void setPresentationView(android.view.View)
androidx.lifecycle.ReportFragment$LifecycleCallbacks: void onActivityPostCreated(android.app.Activity,android.os.Bundle)
io.flutter.embedding.engine.plugins.lifecycle.HiddenLifecycleReference: androidx.lifecycle.Lifecycle getLifecycle()
io.flutter.embedding.engine.FlutterJNI: void onPreEngineRestart()
androidx.core.view.DisplayCutoutCompat$Api28Impl: int getSafeInsetBottom(android.view.DisplayCutout)
io.flutter.plugin.editing.ImeSyncDeferringInsetsCallback$AnimationCallback: void onPrepare(android.view.WindowInsetsAnimation)
org.chromium.support_lib_boundary.WebViewProviderBoundaryInterface: void insertVisualStateCallback(long,java.lang.reflect.InvocationHandler)
com.google.android.gms.dynamic.ObjectWrapper: com.google.android.gms.dynamic.IObjectWrapper wrap(java.lang.Object)
io.flutter.embedding.engine.FlutterJNI: java.lang.String getVMServiceUri()
com.google.firebase.messaging.FirebaseMessagingRegistrar: com.google.firebase.messaging.FirebaseMessaging lambda$getComponents$0(com.google.firebase.components.Qualified,com.google.firebase.components.ComponentContainer)
io.flutter.embedding.engine.FlutterJNI: void nativeRunBundleAndSnapshotFromLibrary(long,java.lang.String,java.lang.String,java.lang.String,android.content.res.AssetManager,java.util.List)
io.flutter.embedding.engine.FlutterJNI: void invokePlatformMessageResponseCallback(int,java.nio.ByteBuffer,int)
io.flutter.embedding.engine.FlutterJNI: void cleanupMessageData(long)
androidx.core.view.ViewCompat$Api21Impl: boolean isImportantForAccessibility(android.view.View)
androidx.core.app.NotificationCompatBuilder$Api26Impl: android.app.Notification$Builder createBuilder(android.content.Context,java.lang.String)
org.chromium.support_lib_boundary.WebSettingsBoundaryInterface: int getForceDarkBehavior()
androidx.core.app.AppOpsManagerCompat$Api23Impl: int noteProxyOpNoThrow(android.app.AppOpsManager,java.lang.String,java.lang.String)
androidx.core.app.NotificationCompatBuilder$Api20Impl: android.app.Notification$Action$Builder addRemoteInput(android.app.Notification$Action$Builder,android.app.RemoteInput)
androidx.core.app.NotificationCompat$Builder$Api21Impl: android.media.AudioAttributes build(android.media.AudioAttributes$Builder)