build/app/outputs/mapping/release/mapping.txt
# compiler: R8
# compiler_version: 8.1.56
# min_api: 23
# common_typos_disable
# {"id":"com.android.tools.r8.mapping","version":"2.2"}
# pg_map_id: a903216
# pg_map_hash: SHA-256 a90321666f4da3306ab8c6bdf1bdcc9cc3882040ea99299ea54afca2f45670b7
...
androidx.datastore.preferences.protobuf.GeneratedMessageLite$Builder -> androidx.datastore.preferences.protobuf.t$a:
    androidx.datastore.preferences.protobuf.GeneratedMessageLite defaultInstance -> e
    androidx.datastore.preferences.protobuf.GeneratedMessageLite instance -> f
    boolean isBuilt -> g
    1:1:androidx.datastore.preferences.protobuf.MessageLite getDefaultInstanceForType():0:0 -> c
      # {"id":"com.android.tools.r8.residualsignature","signature":"()Landroidx/datastore/preferences/protobuf/j0;"}
    1:1:androidx.datastore.preferences.protobuf.AbstractMessageLite$Builder internalMergeFrom(androidx.datastore.preferences.protobuf.AbstractMessageLite):0:0 -> i
      # {"id":"com.android.tools.r8.residualsignature","signature":"(Landroidx/datastore/preferences/protobuf/a;)Landroidx/datastore/preferences/protobuf/a$a;"}
    1:1:androidx.datastore.preferences.protobuf.GeneratedMessageLite build():0:0 -> m
      # {"id":"com.android.tools.r8.residualsignature","signature":"()Landroidx/datastore/preferences/protobuf/t;"}
    1:1:androidx.datastore.preferences.protobuf.MessageLite buildPartial():0:0 -> n
      # {"id":"com.android.tools.r8.residualsignature","signature":"()Landroidx/datastore/preferences/protobuf/j0;"}
    1:1:androidx.datastore.preferences.protobuf.GeneratedMessageLite buildPartial():0:0 -> o
      # {"id":"com.android.tools.r8.residualsignature","signature":"()Landroidx/datastore/preferences/protobuf/t;"}
androidx.datastore.preferences.protobuf.GeneratedMessageLite$DefaultInstanceBasedParser -> androidx.datastore.preferences.protobuf.t$b:
    androidx.datastore.preferences.protobuf.GeneratedMessageLite defaultInstance -> b
androidx.datastore.preferences.protobuf.GeneratedMessageLite$GeneratedExtension -> androidx.datastore.preferences.protobuf.t$c:
androidx.datastore.preferences.protobuf.GeneratedMessageLite$MethodToInvoke -> androidx.datastore.preferences.protobuf.t$d:
    androidx.datastore.preferences.protobuf.GeneratedMessageLite$MethodToInvoke GET_MEMOIZED_IS_INITIALIZED -> e
    androidx.datastore.preferences.protobuf.GeneratedMessageLite$MethodToInvoke SET_MEMOIZED_IS_INITIALIZED -> f
    androidx.datastore.preferences.protobuf.GeneratedMessageLite$MethodToInvoke BUILD_MESSAGE_INFO -> g
    androidx.datastore.preferences.protobuf.GeneratedMessageLite$MethodToInvoke NEW_MUTABLE_INSTANCE -> h
    androidx.datastore.preferences.protobuf.GeneratedMessageLite$MethodToInvoke NEW_BUILDER -> i
    androidx.datastore.preferences.protobuf.GeneratedMessageLite$MethodToInvoke GET_DEFAULT_INSTANCE -> j
    androidx.datastore.preferences.protobuf.GeneratedMessageLite$MethodToInvoke GET_PARSER -> k
    androidx.datastore.preferences.protobuf.GeneratedMessageLite$MethodToInvoke[] $VALUES -> l
androidx.datastore.preferences.protobuf.Internal -> androidx.datastore.preferences.protobuf.u:
    java.nio.charset.Charset UTF_8 -> a
    java.nio.charset.Charset ISO_8859_1 -> b
    byte[] EMPTY_BYTE_ARRAY -> c
    java.nio.ByteBuffer EMPTY_BYTE_BUFFER -> d
    androidx.datastore.preferences.protobuf.CodedInputStream EMPTY_CODED_INPUT_STREAM -> e
    1:1:java.lang.Object checkNotNull(java.lang.Object):0:0 -> a
    1:1:java.lang.Object checkNotNull(java.lang.Object,java.lang.String):0:0 -> b
    1:1:int hashBoolean(boolean):0:0 -> c
    1:1:int hashCode(byte[]):0:0 -> d
    1:1:int hashCode(byte[],int,int):0:0 -> e
    1:1:int hashLong(long):0:0 -> f
    1:1:boolean isValidUtf8(byte[]):0:0 -> g
    1:1:java.lang.Object mergeMessage(java.lang.Object,java.lang.Object):0:0 -> h
    1:1:int partialHash(int,byte[],int,int):0:0 -> i
    1:1:java.lang.String toStringUtf8(byte[]):0:0 -> j
androidx.datastore.preferences.protobuf.Internal$EnumVerifier -> androidx.datastore.preferences.protobuf.u$a:
    boolean isInRange(int) -> a