build/app/outputs/mapping/release/usage.txt
com.mycompany.pawrapp.R$drawable
com.mycompany.pawrapp.R$mipmap
com.mycompany.pawrapp.R$string
com.mycompany.pawrapp.R$style
com.mycompany.pawrapp.R
...
androidx.datastore.preferences.protobuf.FloatValueOrBuilder
androidx.datastore.preferences.protobuf.GeneratedMessageLite$1
androidx.datastore.preferences.protobuf.GeneratedMessageLite$Builder:
    public final androidx.datastore.preferences.protobuf.GeneratedMessageLite$Builder clear()
    public synthetic bridge androidx.datastore.preferences.protobuf.MessageLite$Builder clear()
    public synthetic bridge androidx.datastore.preferences.protobuf.AbstractMessageLite$Builder clone()
    public synthetic bridge androidx.datastore.preferences.protobuf.MessageLite$Builder clone()
    public final boolean isInitialized()
    public synthetic bridge androidx.datastore.preferences.protobuf.AbstractMessageLite$Builder mergeFrom(androidx.datastore.preferences.protobuf.CodedInputStream,androidx.datastore.preferences.protobuf.ExtensionRegistryLite)
    public synthetic bridge androidx.datastore.preferences.protobuf.AbstractMessageLite$Builder mergeFrom(byte[],int,int)
    public synthetic bridge androidx.datastore.preferences.protobuf.AbstractMessageLite$Builder mergeFrom(byte[],int,int,androidx.datastore.preferences.protobuf.ExtensionRegistryLite)
    public androidx.datastore.preferences.protobuf.GeneratedMessageLite$Builder mergeFrom(androidx.datastore.preferences.protobuf.CodedInputStream,androidx.datastore.preferences.protobuf.ExtensionRegistryLite)
    public androidx.datastore.preferences.protobuf.GeneratedMessageLite$Builder mergeFrom(byte[],int,int)
androidx.datastore.preferences.protobuf.GeneratedMessageLite$DefaultInstanceBasedParser:
    public androidx.datastore.preferences.protobuf.GeneratedMessageLite parsePartialFrom(androidx.datastore.preferences.protobuf.CodedInputStream,androidx.datastore.preferences.protobuf.ExtensionRegistryLite)
    public androidx.datastore.preferences.protobuf.GeneratedMessageLite parsePartialFrom(byte[],int,int,androidx.datastore.preferences.protobuf.ExtensionRegistryLite)
    public synthetic bridge androidx.datastore.preferences.protobuf.MessageLite parsePartialFrom(byte[],int,int,androidx.datastore.preferences.protobuf.ExtensionRegistryLite)
    public synthetic bridge java.lang.Object parsePartialFrom(androidx.datastore.preferences.protobuf.CodedInputStream,androidx.datastore.preferences.protobuf.ExtensionRegistryLite)
    public synthetic bridge java.lang.Object parsePartialFrom(byte[],int,int,androidx.datastore.preferences.protobuf.ExtensionRegistryLite)
androidx.datastore.preferences.protobuf.GeneratedMessageLite$ExtendableBuilder
androidx.datastore.preferences.protobuf.GeneratedMessageLite$ExtendableMessage$ExtensionWriter
androidx.datastore.preferences.protobuf.GeneratedMessageLite$ExtendableMessage:
    public void <init>()
    private void eagerlyMergeMessageSetExtension(androidx.datastore.preferences.protobuf.CodedInputStream,androidx.datastore.preferences.protobuf.GeneratedMessageLite$GeneratedExtension,androidx.datastore.preferences.protobuf.ExtensionRegistryLite,int)
    protected boolean extensionsAreInitialized()
    protected int extensionsSerializedSize()
    protected int extensionsSerializedSizeAsMessageSet()
    public synthetic bridge androidx.datastore.preferences.protobuf.MessageLite getDefaultInstanceForType()
    public final java.lang.Object getExtension(androidx.datastore.preferences.protobuf.ExtensionLite)
    public final java.lang.Object getExtension(androidx.datastore.preferences.protobuf.ExtensionLite,int)
    public final int getExtensionCount(androidx.datastore.preferences.protobuf.ExtensionLite)
    public final boolean hasExtension(androidx.datastore.preferences.protobuf.ExtensionLite)
    protected final void mergeExtensionFields(androidx.datastore.preferences.protobuf.GeneratedMessageLite$ExtendableMessage)
    private void mergeMessageSetExtensionFromBytes(androidx.datastore.preferences.protobuf.ByteString,androidx.datastore.preferences.protobuf.ExtensionRegistryLite,androidx.datastore.preferences.protobuf.GeneratedMessageLite$GeneratedExtension)